<?xml version="1.0" encoding="UTF-8"?>
<testng-results ignored="0" total="2" passed="2" failed="0" skipped="0">
  <reporter-output>
  </reporter-output>
  <suite started-at="2023-07-30T17:36:52 IST" name="Default suite" finished-at="2023-07-30T17:37:49 IST" duration-ms="57281">
    <groups>
    </groups>
    <test started-at="2023-07-30T17:36:52 IST" name="Default test" finished-at="2023-07-30T17:37:49 IST" duration-ms="57281">
      <class name="com.rahul.crmo.FreeCrmTest">
        <test-method is-config="true" signature="setUp()[pri:0, instance:com.rahul.crmo.FreeCrmTest@16a0ee18]" started-at="2023-07-30T17:36:52 IST" name="setUp" finished-at="2023-07-30T17:37:11 IST" duration-ms="19419" status="PASS">
          <reporter-output>
          </reporter-output>
        </test-method> <!-- setUp -->
        <test-method signature="loginWithCustomerUserTest()[pri:1, instance:com.rahul.crmo.FreeCrmTest@16a0ee18]" started-at="2023-07-30T17:37:11 IST" name="loginWithCustomerUserTest" finished-at="2023-07-30T17:37:20 IST" duration-ms="8997" status="PASS">
          <reporter-output>
          </reporter-output>
        </test-method> <!-- loginWithCustomerUserTest -->
        <test-method is-config="true" signature="tearDown()[pri:0, instance:com.rahul.crmo.FreeCrmTest@16a0ee18]" started-at="2023-07-30T17:37:20 IST" name="tearDown" finished-at="2023-07-30T17:37:21 IST" duration-ms="1237" status="PASS">
          <reporter-output>
          </reporter-output>
        </test-method> <!-- tearDown -->
        <test-method is-config="true" signature="setUp()[pri:0, instance:com.rahul.crmo.FreeCrmTest@16a0ee18]" started-at="2023-07-30T17:37:21 IST" name="setUp" finished-at="2023-07-30T17:37:37 IST" duration-ms="16096" status="PASS">
          <reporter-output>
          </reporter-output>
        </test-method> <!-- setUp -->
        <test-method signature="loginWithAdminUserTest()[pri:2, instance:com.rahul.crmo.FreeCrmTest@16a0ee18]" started-at="2023-07-30T17:37:37 IST" name="loginWithAdminUserTest" finished-at="2023-07-30T17:37:48 IST" duration-ms="10690" status="PASS">
          <reporter-output>
          </reporter-output>
        </test-method> <!-- loginWithAdminUserTest -->
        <test-method is-config="true" signature="tearDown()[pri:0, instance:com.rahul.crmo.FreeCrmTest@16a0ee18]" started-at="2023-07-30T17:37:48 IST" name="tearDown" finished-at="2023-07-30T17:37:49 IST" duration-ms="801" status="PASS">
          <reporter-output>
          </reporter-output>
        </test-method> <!-- tearDown -->
      </class> <!-- com.rahul.crmo.FreeCrmTest -->
    </test> <!-- Default test -->
  </suite> <!-- Default suite -->
</testng-results>
